<?xml version="1.0" encoding="UTF-8"?>
<testng-results skipped="0" failed="0" ignored="0" total="1" passed="1">
  <reporter-output>
  </reporter-output>
  <suite name="Default suite" duration-ms="3759" started-at="2020-06-01T20:18:07 IST" finished-at="2020-06-01T20:18:11 IST">
    <groups>
      <group name="cucumber">
        <method signature="AbstractTestNGCucumberTests.runScenario(io.cucumber.testng.PickleWrapper, io.cucumber.testng.FeatureWrapper)[pri:0, instance:runnerFiles.RunTestNGTest@80ec1f8]" name="runScenario" class="io.cucumber.testng.AbstractTestNGCucumberTests"/>
      </group> <!-- cucumber -->
    </groups>
    <test name="Default test" duration-ms="3759" started-at="2020-06-01T20:18:07 IST" finished-at="2020-06-01T20:18:11 IST">
      <class name="runnerFiles.RunTestNGTest">
        <test-method status="PASS" signature="setUpClass()[pri:0, instance:runnerFiles.RunTestNGTest@80ec1f8]" name="setUpClass" is-config="true" duration-ms="937" started-at="2020-06-01T20:18:07 IST" finished-at="2020-06-01T20:18:08 IST">
          <reporter-output>
          </reporter-output>
        </test-method> <!-- setUpClass -->
        <test-method status="PASS" signature="runScenario(io.cucumber.testng.PickleWrapper, io.cucumber.testng.FeatureWrapper)[pri:0, instance:runnerFiles.RunTestNGTest@80ec1f8]" name="runScenario" duration-ms="2175" started-at="2020-06-01T20:18:08 IST" description="Runs Cucumber Scenarios" data-provider="scenarios" finished-at="2020-06-01T20:18:10 IST">
          <params>
            <param index="0">
              <value>
                <![CDATA["Data driven with excel and data sets"]]>
              </value>
            </param>
            <param index="1">
              <value>
                <![CDATA["Fill a simple form with excel data"]]>
              </value>
            </param>
          </params>
          <reporter-output>
          </reporter-output>
        </test-method> <!-- runScenario -->
        <test-method status="PASS" signature="tearDownClass()[pri:0, instance:runnerFiles.RunTestNGTest@80ec1f8]" name="tearDownClass" is-config="true" duration-ms="537" started-at="2020-06-01T20:18:10 IST" finished-at="2020-06-01T20:18:11 IST">
          <reporter-output>
          </reporter-output>
        </test-method> <!-- tearDownClass -->
      </class> <!-- runnerFiles.RunTestNGTest -->
    </test> <!-- Default test -->
  </suite> <!-- Default suite -->
</testng-results>
